# JRE version: Java(TM) SE Runtime Environment (18.0.2.1+1) (build 18.0.2.1+1-1)
# Java VM: Java HotSpot(TM) 64-Bit Server VM (18.0.2.1+1-1, mixed mode, emulated-client, sharing, tiered, compressed oops, compressed class ptrs, g1 gc, windows-amd64)
GC Precious Log:
 CardTable entry size: 512
 Card Set container configuration: InlinePtr #cards 4 size 8 Array Of Cards #cards 64 size 144 Howl #buckets 8 coarsen threshold 14745 Howl Bitmap #cards 2048 size 272 coarsen threshold 1843 Card regions per heap region 1 cards per card region 16384
 CPUs: 12 total, 12 available
 Memory: 65270M
 Large Page Support: Disabled
 NUMA Support: Disabled
 Compressed Oops: Enabled (Zero based)
 Heap Region Size: 8M
 Heap Min Capacity: 8M
 Heap Initial Capacity: 1G
 Heap Max Capacity: 16320M
 Pre-touch: Disabled
 Parallel Workers: 10
 Concurrent Workers: 3
 Concurrent Refinement Workers: 10
 Periodic GC: Disabled
Heap:
 garbage-first heap   total 81920K, used 46099K [0x0000000404000000, 0x0000000800000000)
  region size 8192K, 6 young (49152K), 1 survivors (8192K)
 Metaspace       used 24776K, committed 25216K, reserved 1114112K
  class space    used 3257K, committed 3456K, reserved 1048576K
GC Heap History (20 events):
Event: 986.008 GC heap before
{Heap before GC invocations=5 (full 0):
 garbage-first heap   total 81920K, used 22470K [0x0000000404000000, 0x0000000800000000)
  region size 8192K, 2 young (16384K), 1 survivors (8192K)
 Metaspace       used 24765K, committed 25216K, reserved 1114112K
  class space    used 3255K, committed 3456K, reserved 1048576K
}
Event: 986.014 GC heap after
{Heap after GC invocations=6 (full 0):
 garbage-first heap   total 81920K, used 13666K [0x0000000404000000, 0x0000000800000000)
  region size 8192K, 1 young (8192K), 1 survivors (8192K)
 Metaspace       used 24765K, committed 25216K, reserved 1114112K
  class space    used 3255K, committed 3456K, reserved 1048576K
}
Event: 2291.441 GC heap before
{Heap before GC invocations=6 (full 0):
 garbage-first heap   total 81920K, used 46434K [0x0000000404000000, 0x0000000800000000)
  region size 8192K, 5 young (40960K), 1 survivors (8192K)
 Metaspace       used 24776K, committed 25216K, reserved 1114112K
  class space    used 3257K, committed 3456K, reserved 1048576K
}
Event: 2291.443 GC heap after
{Heap after GC invocations=7 (full 0):
 garbage-first heap   total 81920K, used 13470K [0x0000000404000000, 0x0000000800000000)
  region size 8192K, 1 young (8192K), 1 survivors (8192K)
 Metaspace       used 24776K, committed 25216K, reserved 1114112K
  class space    used 3257K, committed 3456K, reserved 1048576K
}
Event: 3594.027 GC heap before
{Heap before GC invocations=7 (full 0):
 garbage-first heap   total 81920K, used 46238K [0x0000000404000000, 0x0000000800000000)
  region size 8192K, 5 young (40960K), 1 survivors (8192K)
 Metaspace       used 24776K, committed 25216K, reserved 1114112K
  class space    used 3257K, committed 3456K, reserved 1048576K
}
Event: 3594.029 GC heap after
{Heap after GC invocations=8 (full 0):
 garbage-first heap   total 81920K, used 13365K [0x0000000404000000, 0x0000000800000000)
  region size 8192K, 1 young (8192K), 1 survivors (8192K)
 Metaspace       used 24776K, committed 25216K, reserved 1114112K
  class space    used 3257K, committed 3456K, reserved 1048576K
}
Event: 4886.339 GC heap before
{Heap before GC invocations=8 (full 0):
 garbage-first heap   total 81920K, used 46133K [0x0000000404000000, 0x0000000800000000)
  region size 8192K, 5 young (40960K), 1 survivors (8192K)
 Metaspace       used 24776K, committed 25216K, reserved 1114112K
  class space    used 3257K, committed 3456K, reserved 1048576K
}
Event: 4886.341 GC heap after
{Heap after GC invocations=9 (full 0):
 garbage-first heap   total 81920K, used 13383K [0x0000000404000000, 0x0000000800000000)
  region size 8192K, 1 young (8192K), 1 survivors (8192K)
 Metaspace       used 24776K, committed 25216K, reserved 1114112K
  class space    used 3257K, committed 3456K, reserved 1048576K
}
Event: 6307.492 GC heap before
{Heap before GC invocations=9 (full 0):
 garbage-first heap   total 81920K, used 54343K [0x0000000404000000, 0x0000000800000000)
  region size 8192K, 6 young (49152K), 1 survivors (8192K)
 Metaspace       used 24776K, committed 25216K, reserved 1114112K
  class space    used 3257K, committed 3456K, reserved 1048576K
}
Event: 6307.494 GC heap after
{Heap after GC invocations=10 (full 0):
 garbage-first heap   total 81920K, used 13334K [0x0000000404000000, 0x0000000800000000)
  region size 8192K, 1 young (8192K), 1 survivors (8192K)
 Metaspace       used 24776K, committed 25216K, reserved 1114112K
  class space    used 3257K, committed 3456K, reserved 1048576K
}
Event: 7857.239 GC heap before
{Heap before GC invocations=10 (full 0):
 garbage-first heap   total 81920K, used 54294K [0x0000000404000000, 0x0000000800000000)
  region size 8192K, 6 young (49152K), 1 survivors (8192K)
 Metaspace       used 24776K, committed 25216K, reserved 1114112K
  class space    used 3257K, committed 3456K, reserved 1048576K
}
Event: 7857.242 GC heap after
{Heap after GC invocations=11 (full 0):
 garbage-first heap   total 81920K, used 13322K [0x0000000404000000, 0x0000000800000000)
  region size 8192K, 1 young (8192K), 1 survivors (8192K)
 Metaspace       used 24776K, committed 25216K, reserved 1114112K
  class space    used 3257K, committed 3456K, reserved 1048576K
}
Event: 9217.077 GC heap before
{Heap before GC invocations=11 (full 0):
 garbage-first heap   total 81920K, used 54282K [0x0000000404000000, 0x0000000800000000)
  region size 8192K, 6 young (49152K), 1 survivors (8192K)
 Metaspace       used 24776K, committed 25216K, reserved 1114112K
  class space    used 3257K, committed 3456K, reserved 1048576K
}
Event: 9217.080 GC heap after
{Heap after GC invocations=12 (full 0):
 garbage-first heap   total 81920K, used 13342K [0x0000000404000000, 0x0000000800000000)
  region size 8192K, 1 young (8192K), 1 survivors (8192K)
 Metaspace       used 24776K, committed 25216K, reserved 1114112K
  class space    used 3257K, committed 3456K, reserved 1048576K
}
Event: 10686.068 GC heap before
{Heap before GC invocations=12 (full 0):
 garbage-first heap   total 81920K, used 54302K [0x0000000404000000, 0x0000000800000000)
  region size 8192K, 6 young (49152K), 1 survivors (8192K)
 Metaspace       used 24776K, committed 25216K, reserved 1114112K
  class space    used 3257K, committed 3456K, reserved 1048576K
}
Event: 10686.070 GC heap after
{Heap after GC invocations=13 (full 0):
 garbage-first heap   total 81920K, used 13384K [0x0000000404000000, 0x0000000800000000)
  region size 8192K, 1 young (8192K), 1 survivors (8192K)
 Metaspace       used 24776K, committed 25216K, reserved 1114112K
  class space    used 3257K, committed 3456K, reserved 1048576K
}
Event: 12262.635 GC heap before
{Heap before GC invocations=13 (full 0):
 garbage-first heap   total 81920K, used 54344K [0x0000000404000000, 0x0000000800000000)
  region size 8192K, 6 young (49152K), 1 survivors (8192K)
 Metaspace       used 24776K, committed 25216K, reserved 1114112K
  class space    used 3257K, committed 3456K, reserved 1048576K
}
Event: 12262.637 GC heap after
{Heap after GC invocations=14 (full 0):
 garbage-first heap   total 81920K, used 13387K [0x0000000404000000, 0x0000000800000000)
  region size 8192K, 1 young (8192K), 1 survivors (8192K)
 Metaspace       used 24776K, committed 25216K, reserved 1114112K
  class space    used 3257K, committed 3456K, reserved 1048576K
}
Event: 13839.194 GC heap before
{Heap before GC invocations=14 (full 0):
 garbage-first heap   total 81920K, used 54347K [0x0000000404000000, 0x0000000800000000)
  region size 8192K, 6 young (49152K), 1 survivors (8192K)
 Metaspace       used 24776K, committed 25216K, reserved 1114112K
  class space    used 3257K, committed 3456K, reserved 1048576K
}
Event: 13839.196 GC heap after
{Heap after GC invocations=15 (full 0):
 garbage-first heap   total 81920K, used 13331K [0x0000000404000000, 0x0000000800000000)
  region size 8192K, 1 young (8192K), 1 survivors (8192K)
 Metaspace       used 24776K, committed 25216K, reserved 1114112K
  class space    used 3257K, committed 3456K, reserved 1048576K
}

